Removed Pin From Net: NetName=NetJ1_3 Pin=J1-1
Removed Pin From Net: NetName=NetJ1_1 Pin=J1-3
Removed Pin From Net: NetName=NetC1_2 Pin=J2-1
Removed Pin From Net: NetName=NetC2_2 Pin=J2-3
Change Component Designator: OldDesignator=J4 NewDesignator=J
Added Pin To Net: NetName=NetJ1_1 Pin=J1-1
Added Pin To Net: NetName=NetJ1_3 Pin=J1-3
Added Pin To Net: NetName=NetC2_2 Pin=J2-1
Added Pin To Net: NetName=NetC1_2 Pin=J2-3
Added Member To Class: ClassName=CT_Breakout_Board Member=Component C1 Cap Semi
Added Member To Class: ClassName=CT_Breakout_Board Member=Component C2 Cap Semi
Added Member To Class: ClassName=CT_Breakout_Board Member=Component C4 Cap Semi
Added Member To Class: ClassName=CT_Breakout_Board Member=Component D2 Diode
Added Member To Class: ClassName=CT_Breakout_Board Member=Component D3 Diode
Added Member To Class: ClassName=CT_Breakout_Board Member=Component D4 Diode
Added Member To Class: ClassName=CT_Breakout_Board Member=Component J1 282836-3
Added Member To Class: ClassName=CT_Breakout_Board Member=Component J3 CON22
Added Member To Class: ClassName=CT_Breakout_Board Member=Component J BM06B-SRSS-TB(LF)(SN)
Added Member To Class: ClassName=CT_Breakout_Board Member=Component R1 DNC
Added Member To Class: ClassName=CT_Breakout_Board Member=Component R2 DNC
Added Member To Class: ClassName=CT_Breakout_Board Member=Component R3 DNC
Added Member To Class: ClassName=CT_Breakout_Board Member=Component R4 22
Added Member To Class: ClassName=CT_Breakout_Board Member=Component R5 22
Added Member To Class: ClassName=CT_Breakout_Board Member=Component R6 22
Added Member To Class: ClassName=CT_Breakout_Board Member=Component R8 Res3
Added Member To Class: ClassName=CT_Breakout_Board Member=Component R9 Res3
Added Member To Class: ClassName=CT_Breakout_Board Member=Component R10 Res3
Added Member To Class: ClassName=CT_Breakout_Board Member=Component R11 Res3
Added Member To Class: ClassName=CT_Breakout_Board Member=Component R12 Res3
Added Member To Class: ClassName=CT_Breakout_Board Member=Component R13 Res3
Added Member To Class: ClassName=CT_Breakout_Board Member=Component R16 Res3
Added Member To Class: ClassName=CT_Breakout_Board Member=Component R17 DNC
Added Member To Class: ClassName=CT_Breakout_Board Member=Component R18 22
Added Member To Class: ClassName=CT_Breakout_Board Member=Component R19 Res3
Added Member To Class: ClassName=CT_Breakout_Board Member=Component R20 Res3
